2019/05/28 14:58:27 [INFO] Terraform version: 0.11.13  
2019/05/28 14:58:27 [INFO] Go runtime version: go1.11.5
2019/05/28 14:58:27 [INFO] CLI args: []string{"/Users/alauer/venvs/general/bin/terraform", "apply", "tf.plan"}
2019/05/28 14:58:27 [DEBUG] Attempting to open CLI config file: /Users/alauer/.terraformrc
2019/05/28 14:58:27 [DEBUG] File doesn't exist, but doesn't need to. Ignoring.
2019/05/28 14:58:27 [INFO] CLI command args: []string{"apply", "tf.plan"}
2019/05/28 14:58:27 [INFO] command: initializing backend from plan: s3
2019/05/28 14:58:27 [INFO] Building AWS region structure
2019/05/28 14:58:27 [INFO] Building AWS auth structure
2019/05/28 14:58:27 [INFO] Setting AWS metadata API timeout to 100ms
2019/05/28 14:58:27 [INFO] Ignoring AWS metadata API endpoint at default location as it doesn't return any instance-id
2019/05/28 14:58:27 [INFO] AWS Auth provider used: "SharedCredentialsProvider"
2019/05/28 14:58:27 [INFO] Initializing DeviceFarm SDK connection
2019/05/28 14:58:27 [DEBUG] Trying to get account ID via iam:GetUser
2019/05/28 14:58:27 [DEBUG] Getting account ID via iam:GetUser failed: AccessDenied: User: arn:aws:sts::873060941818:assumed-role/ADPowerUser_SSO/aaron.lauer@pureport.com is not authorized to perform: iam:GetUser on resource: user aaron.lauer@pureport.com
	status code: 403, request id: bbae39bb-f948-4c2e-9961-4e4726e4dfe1
2019/05/28 14:58:27 [DEBUG] Trying to get account ID via sts:GetCallerIdentity
2019/05/28 14:58:28 [TRACE] Preserving existing state lineage "82f5b4af-0502-007c-6ebc-89766fa86a92"
2019/05/28 14:58:28 [TRACE] Preserving existing state lineage "82f5b4af-0502-007c-6ebc-89766fa86a92"
2019/05/28 14:58:28 [TRACE] Preserving existing state lineage "82f5b4af-0502-007c-6ebc-89766fa86a92"
2019/05/28 14:58:28 [TRACE] Preserving existing state lineage "82f5b4af-0502-007c-6ebc-89766fa86a92"
2019/05/28 14:58:28 [TRACE] Preserving existing state lineage "82f5b4af-0502-007c-6ebc-89766fa86a92"
2019/05/28 14:58:28 [DEBUG] Uploading remote state to S3: {
  Body: buffer(0xc000320420),
  Bucket: "ael-demo-tf-statefiles",
  ContentLength: 4303,
  ContentType: "application/json",
  Key: "ael-tf-state/videoseries2-3clouds/videoseries2-3clouds-awspureport.tfstate"
}
2019/05/28 14:58:28 [INFO] command: backend initialized: *s3.Backend
2019/05/28 14:58:28 [DEBUG] checking for provider in "."
2019/05/28 14:58:28 [DEBUG] checking for provider in "/Users/alauer/venvs/general/bin"
2019/05/28 14:58:28 [DEBUG] checking for provider in ".terraform/plugins/darwin_amd64"
2019/05/28 14:58:28 [DEBUG] checking for provider in "/Users/alauer/.terraform.d/plugins"
2019/05/28 14:58:28 [WARN] found legacy provider "terraform-provider-pureport"
2019/05/28 14:58:28 [DEBUG] found valid plugin: "pureport", "0.0.0", "/Users/alauer/.terraform.d/plugins/terraform-provider-pureport"
2019/05/28 14:58:28 [DEBUG] checking for provisioner in "."
2019/05/28 14:58:28 [DEBUG] checking for provisioner in "/Users/alauer/venvs/general/bin"
2019/05/28 14:58:28 [DEBUG] checking for provisioner in ".terraform/plugins/darwin_amd64"
2019/05/28 14:58:28 [DEBUG] checking for provisioner in "/Users/alauer/.terraform.d/plugins"
2019/05/28 14:58:28 [INFO] command: backend *s3.Backend is not enhanced, wrapping in local
2019/05/28 14:58:28 [INFO] backend/local: starting Apply operation
2019/05/28 14:58:29 [TRACE] Preserving existing state lineage "82f5b4af-0502-007c-6ebc-89766fa86a92"
2019/05/28 14:58:29 [TRACE] Preserving existing state lineage "82f5b4af-0502-007c-6ebc-89766fa86a92"
2019/05/28 14:58:29 [INFO] terraform: building graph: GraphTypeApply
2019/05/28 14:58:29 [TRACE] DiffTransformer: starting
2019/05/28 14:58:29 [TRACE] DiffTransformer: Module: CREATE: pureport_aws_connection.us-east-1
  aws_account_id:    "" => "873060941818" (forces new resource)
  aws_region:        "" => "us-east-1" (forces new resource)
  billing_term:      "" => "HOURLY"
  gateways.#:        "" => "<computed>"
  high_availability: "" => "true" (forces new resource)
  location_href:     "" => "/locations/us-wdc" (forces new resource)
  name:              "" => "ael-use1-terraform-test"
  network_href:      "" => "/networks/network-5ghq28KR3xYGj03zspm23A"
  peering_type:      "" => "PRIVATE" (forces new resource)
  speed:             "" => "50" (forces new resource)
CREATE: pureport_site_vpn_connection.raleigh-lab
  auth_type:                     "" => "PSK" (forces new resource)
  billing_term:                  "" => "HOURLY"
  customer_asn:                  "" => "65001" (forces new resource)
  enable_bgp_password:           "" => "true" (forces new resource)
  gateways.#:                    "" => "<computed>"
  high_availability:             "" => "true" (forces new resource)
  ike_config.#:                  "" => "1" (forces new resource)
  ike_config.0.esp.#:            "" => "1"
  ike_config.0.esp.0.dh_group:   "" => "MODP_2048"
  ike_config.0.esp.0.encryption: "" => "AES_128"
  ike_config.0.esp.0.integrity:  "" => "SHA256_HMAC"
  ike_config.0.ike.#:            "" => "1"
  ike_config.0.ike.0.dh_group:   "" => "MODP_2048"
  ike_config.0.ike.0.encryption: "" => "AES_128"
  ike_config.0.ike.0.integrity:  "" => "SHA256_HMAC"
  ike_version:                   "" => "V2" (forces new resource)
  location_href:                 "" => "/locations/us-wdc" (forces new resource)
  name:                          "" => "ael-vpn-raleigh-lab"
  network_href:                  "" => "/networks/network-5ghq28KR3xYGj03zspm23A"
  primary_customer_router_ip:    "" => "136.56.60.22" (forces new resource)
  routing_type:                  "" => "ROUTE_BASED_BGP" (forces new resource)
  secondary_customer_router_ip:  "" => "136.56.60.22" (forces new resource)
  speed:                         "" => "100" (forces new resource)
  traffic_selectors.#:           "" => "<computed>" (forces new resource)
2019/05/28 14:58:29 [TRACE] DiffTransformer: Resource "pureport_aws_connection.us-east-1": *terraform.InstanceDiff{mu:sync.Mutex{state:0, sema:0x0}, Attributes:map[string]*terraform.ResourceAttrDiff{"name":*terraform.ResourceAttrDiff{Old:"", New:"ael-use1-terraform-test", NewComputed:false, NewRemoved:false, NewExtra:interface {}(nil), RequiresNew:false, Sensitive:false, Type:0x0}, "aws_region":*terraform.ResourceAttrDiff{Old:"", New:"us-east-1", NewComputed:false, NewRemoved:false, NewExtra:interface {}(nil), RequiresNew:true, Sensitive:false, Type:0x0}, "peering_type":*terraform.ResourceAttrDiff{Old:"", New:"PRIVATE", NewComputed:false, NewRemoved:false, NewExtra:interface {}(nil), RequiresNew:true, Sensitive:false, Type:0x0}, "billing_term":*terraform.ResourceAttrDiff{Old:"", New:"HOURLY", NewComputed:false, NewRemoved:false, NewExtra:interface {}(nil), RequiresNew:false, Sensitive:false, Type:0x0}, "aws_account_id":*terraform.ResourceAttrDiff{Old:"", New:"873060941818", NewComputed:false, NewRemoved:false, NewExtra:interface {}(nil), RequiresNew:true, Sensitive:false, Type:0x0}, "high_availability":*terraform.ResourceAttrDiff{Old:"", New:"true", NewComputed:false, NewRemoved:false, NewExtra:interface {}(nil), RequiresNew:true, Sensitive:false, Type:0x0}, "speed":*terraform.ResourceAttrDiff{Old:"", New:"50", NewComputed:false, NewRemoved:false, NewExtra:interface {}(nil), RequiresNew:true, Sensitive:false, Type:0x0}, "location_href":*terraform.ResourceAttrDiff{Old:"", New:"/locations/us-wdc", NewComputed:false, NewRemoved:false, NewExtra:interface {}(nil), RequiresNew:true, Sensitive:false, Type:0x0}, "id":*terraform.ResourceAttrDiff{Old:"", New:"", NewComputed:true, NewRemoved:false, NewExtra:interface {}(nil), RequiresNew:true, Sensitive:false, Type:0x2}, "network_href":*terraform.ResourceAttrDiff{Old:"", New:"/networks/network-5ghq28KR3xYGj03zspm23A", NewComputed:false, NewRemoved:false, NewExtra:interface {}(nil), RequiresNew:false, Sensitive:false, Type:0x0}, "gateways.#":*terraform.ResourceAttrDiff{Old:"", New:"", NewComputed:true, NewRemoved:false, NewExtra:interface {}(nil), RequiresNew:false, Sensitive:false, Type:0x0}}, Destroy:false, DestroyDeposed:false, DestroyTainted:false, Meta:map[string]interface {}(nil)}
2019/05/28 14:58:29 [TRACE] DiffTransformer: Resource "pureport_site_vpn_connection.raleigh-lab": *terraform.InstanceDiff{mu:sync.Mutex{state:0, sema:0x0}, Attributes:map[string]*terraform.ResourceAttrDiff{"ike_config.#":*terraform.ResourceAttrDiff{Old:"", New:"1", NewComputed:false, NewRemoved:false, NewExtra:interface {}(nil), RequiresNew:true, Sensitive:false, Type:0x0}, "ike_config.0.esp.0.encryption":*terraform.ResourceAttrDiff{Old:"", New:"AES_128", NewComputed:false, NewRemoved:false, NewExtra:interface {}(nil), RequiresNew:false, Sensitive:false, Type:0x0}, "traffic_selectors.#":*terraform.ResourceAttrDiff{Old:"", New:"", NewComputed:true, NewRemoved:false, NewExtra:interface {}(nil), RequiresNew:true, Sensitive:false, Type:0x0}, "ike_config.0.ike.0.encryption":*terraform.ResourceAttrDiff{Old:"", New:"AES_128", NewComputed:false, NewRemoved:false, NewExtra:interface {}(nil), RequiresNew:false, Sensitive:false, Type:0x0}, "ike_version":*terraform.ResourceAttrDiff{Old:"", New:"V2", NewComputed:false, NewRemoved:false, NewExtra:interface {}(nil), RequiresNew:true, Sensitive:false, Type:0x0}, "id":*terraform.ResourceAttrDiff{Old:"", New:"", NewComputed:true, NewRemoved:false, NewExtra:interface {}(nil), RequiresNew:true, Sensitive:false, Type:0x2}, "routing_type":*terraform.ResourceAttrDiff{Old:"", New:"ROUTE_BASED_BGP", NewComputed:false, NewRemoved:false, NewExtra:interface {}(nil), RequiresNew:true, Sensitive:false, Type:0x0}, "ike_config.0.ike.0.dh_group":*terraform.ResourceAttrDiff{Old:"", New:"MODP_2048", NewComputed:false, NewRemoved:false, NewExtra:interface {}(nil), RequiresNew:false, Sensitive:false, Type:0x0}, "billing_term":*terraform.ResourceAttrDiff{Old:"", New:"HOURLY", NewComputed:false, NewRemoved:false, NewExtra:interface {}(nil), RequiresNew:false, Sensitive:false, Type:0x0}, "auth_type":*terraform.ResourceAttrDiff{Old:"", New:"PSK", NewComputed:false, NewRemoved:false, NewExtra:interface {}(nil), RequiresNew:true, Sensitive:false, Type:0x0}, "primary_customer_router_ip":*terraform.ResourceAttrDiff{Old:"", New:"136.56.60.22", NewComputed:false, NewRemoved:false, NewExtra:interface {}(nil), RequiresNew:true, Sensitive:false, Type:0x0}, "customer_asn":*terraform.ResourceAttrDiff{Old:"", New:"65001", NewComputed:false, NewRemoved:false, NewExtra:interface {}(nil), RequiresNew:true, Sensitive:false, Type:0x0}, "name":*terraform.ResourceAttrDiff{Old:"", New:"ael-vpn-raleigh-lab", NewComputed:false, NewRemoved:false, NewExtra:interface {}(nil), RequiresNew:false, Sensitive:false, Type:0x0}, "high_availability":*terraform.ResourceAttrDiff{Old:"", New:"true", NewComputed:false, NewRemoved:false, NewExtra:interface {}(nil), RequiresNew:true, Sensitive:false, Type:0x0}, "gateways.#":*terraform.ResourceAttrDiff{Old:"", New:"", NewComputed:true, NewRemoved:false, NewExtra:interface {}(nil), RequiresNew:false, Sensitive:false, Type:0x0}, "enable_bgp_password":*terraform.ResourceAttrDiff{Old:"", New:"true", NewComputed:false, NewRemoved:false, NewExtra:interface {}(nil), RequiresNew:true, Sensitive:false, Type:0x0}, "location_href":*terraform.ResourceAttrDiff{Old:"", New:"/locations/us-wdc", NewComputed:false, NewRemoved:false, NewExtra:interface {}(nil), RequiresNew:true, Sensitive:false, Type:0x0}, "secondary_customer_router_ip":*terraform.ResourceAttrDiff{Old:"", New:"136.56.60.22", NewComputed:false, NewRemoved:false, NewExtra:interface {}(nil), RequiresNew:true, Sensitive:false, Type:0x0}, "network_href":*terraform.ResourceAttrDiff{Old:"", New:"/networks/network-5ghq28KR3xYGj03zspm23A", NewComputed:false, NewRemoved:false, NewExtra:interface {}(nil), RequiresNew:false, Sensitive:false, Type:0x0}, "ike_config.0.ike.#":*terraform.ResourceAttrDiff{Old:"", New:"1", NewComputed:false, NewRemoved:false, NewExtra:interface {}(nil), RequiresNew:false, Sensitive:false, Type:0x0}, "ike_config.0.esp.#":*terraform.ResourceAttrDiff{Old:"", New:"1", NewComputed:false, NewRemoved:false, NewExtra:interface {}(nil), RequiresNew:false, Sensitive:false, Type:0x0}, "ike_config.0.esp.0.integrity":*terraform.ResourceAttrDiff{Old:"", New:"SHA256_HMAC", NewComputed:false, NewRemoved:false, NewExtra:interface {}(nil), RequiresNew:false, Sensitive:false, Type:0x0}, "speed":*terraform.ResourceAttrDiff{Old:"", New:"100", NewComputed:false, NewRemoved:false, NewExtra:interface {}(nil), RequiresNew:true, Sensitive:false, Type:0x0}, "ike_config.0.esp.0.dh_group":*terraform.ResourceAttrDiff{Old:"", New:"MODP_2048", NewComputed:false, NewRemoved:false, NewExtra:interface {}(nil), RequiresNew:false, Sensitive:false, Type:0x0}, "ike_config.0.ike.0.integrity":*terraform.ResourceAttrDiff{Old:"", New:"SHA256_HMAC", NewComputed:false, NewRemoved:false, NewExtra:interface {}(nil), RequiresNew:false, Sensitive:false, Type:0x0}}, Destroy:false, DestroyDeposed:false, DestroyTainted:false, Meta:map[string]interface {}(nil)}
2019/05/28 14:58:29 [TRACE] Graph after step *terraform.DiffTransformer:

pureport_aws_connection.us-east-1 - *terraform.NodeApplyableResource
pureport_site_vpn_connection.raleigh-lab - *terraform.NodeApplyableResource
2019/05/28 14:58:29 [TRACE] Graph after step *terraform.OrphanOutputTransformer:

pureport_aws_connection.us-east-1 - *terraform.NodeApplyableResource
pureport_site_vpn_connection.raleigh-lab - *terraform.NodeApplyableResource
2019/05/28 14:58:29 [TRACE] AttachResourceConfigTransformer: Beginning...
2019/05/28 14:58:29 [TRACE] AttachResourceConfigTransformer: Attach resource config request: pureport_aws_connection.us-east-1
2019/05/28 14:58:29 [TRACE] Attaching resource config: &config.Resource{Mode:0, Name:"us-east-1", Type:"pureport_aws_connection", RawCount:(*config.RawConfig)(0xc000413b90), RawConfig:(*config.RawConfig)(0xc00041e310), Provisioners:[]*config.Provisioner(nil), Provider:"", DependsOn:[]string(nil), Lifecycle:config.ResourceLifecycle{CreateBeforeDestroy:false, PreventDestroy:false, IgnoreChanges:[]string(nil)}}
2019/05/28 14:58:29 [TRACE] AttachResourceConfigTransformer: Attach resource config request: pureport_site_vpn_connection.raleigh-lab
2019/05/28 14:58:29 [TRACE] Attaching resource config: &config.Resource{Mode:0, Name:"raleigh-lab", Type:"pureport_site_vpn_connection", RawCount:(*config.RawConfig)(0xc000363b20), RawConfig:(*config.RawConfig)(0xc00042e2a0), Provisioners:[]*config.Provisioner(nil), Provider:"", DependsOn:[]string(nil), Lifecycle:config.ResourceLifecycle{CreateBeforeDestroy:false, PreventDestroy:false, IgnoreChanges:[]string(nil)}}
2019/05/28 14:58:29 [TRACE] Graph after step *terraform.AttachResourceConfigTransformer:

pureport_aws_connection.us-east-1 - *terraform.NodeApplyableResource
pureport_site_vpn_connection.raleigh-lab - *terraform.NodeApplyableResource
2019/05/28 14:58:29 [DEBUG] Resource state not found for "pureport_site_vpn_connection.raleigh-lab": pureport_site_vpn_connection.raleigh-lab
2019/05/28 14:58:29 [DEBUG] Resource state not found for "pureport_aws_connection.us-east-1": pureport_aws_connection.us-east-1
2019/05/28 14:58:29 [TRACE] Graph after step *terraform.AttachStateTransformer:

pureport_aws_connection.us-east-1 - *terraform.NodeApplyableResource
pureport_site_vpn_connection.raleigh-lab - *terraform.NodeApplyableResource
2019/05/28 14:58:29 [TRACE] ProviderConfigTransformer: Starting for path: []
2019/05/28 14:58:29 [TRACE] Attach provider request: []string{} pureport
2019/05/28 14:58:29 [TRACE] Attaching provider config: *config.ProviderConfig{Name:"pureport", Alias:"", Version:"", RawConfig:(*config.RawConfig)(0xc00040a770)}
2019/05/28 14:58:29 [TRACE] Graph after step *terraform.ProviderConfigTransformer:

provider.pureport - *terraform.NodeApplyableProvider
pureport_aws_connection.us-east-1 - *terraform.NodeApplyableResource
pureport_site_vpn_connection.raleigh-lab - *terraform.NodeApplyableResource
2019/05/28 14:58:29 [TRACE] Graph after step *terraform.MissingProviderTransformer:

provider.pureport - *terraform.NodeApplyableProvider
pureport_aws_connection.us-east-1 - *terraform.NodeApplyableResource
pureport_site_vpn_connection.raleigh-lab - *terraform.NodeApplyableResource
2019/05/28 14:58:29 [DEBUG] resource pureport_aws_connection.us-east-1 using provider provider.pureport
2019/05/28 14:58:29 [DEBUG] resource pureport_site_vpn_connection.raleigh-lab using provider provider.pureport
2019/05/28 14:58:29 [TRACE] Graph after step *terraform.ProviderTransformer:

provider.pureport - *terraform.NodeApplyableProvider
pureport_aws_connection.us-east-1 - *terraform.NodeApplyableResource
  provider.pureport - *terraform.NodeApplyableProvider
pureport_site_vpn_connection.raleigh-lab - *terraform.NodeApplyableResource
  provider.pureport - *terraform.NodeApplyableProvider
2019/05/28 14:58:29 [TRACE] Graph after step *terraform.PruneProviderTransformer:

provider.pureport - *terraform.NodeApplyableProvider
pureport_aws_connection.us-east-1 - *terraform.NodeApplyableResource
  provider.pureport - *terraform.NodeApplyableProvider
pureport_site_vpn_connection.raleigh-lab - *terraform.NodeApplyableResource
  provider.pureport - *terraform.NodeApplyableProvider
2019/05/28 14:58:29 [TRACE] Graph after step *terraform.ParentProviderTransformer:

provider.pureport - *terraform.NodeApplyableProvider
pureport_aws_connection.us-east-1 - *terraform.NodeApplyableResource
  provider.pureport - *terraform.NodeApplyableProvider
pureport_site_vpn_connection.raleigh-lab - *terraform.NodeApplyableResource
  provider.pureport - *terraform.NodeApplyableProvider
2019/05/28 14:58:29 [TRACE] Graph after step *terraform.graphTransformerMulti:

provider.pureport - *terraform.NodeApplyableProvider
pureport_aws_connection.us-east-1 - *terraform.NodeApplyableResource
  provider.pureport - *terraform.NodeApplyableProvider
pureport_site_vpn_connection.raleigh-lab - *terraform.NodeApplyableResource
  provider.pureport - *terraform.NodeApplyableProvider
2019/05/28 14:58:29 [TRACE] DestroyEdgeTransformer: Beginning destroy edge transformation...
2019/05/28 14:58:29 [TRACE] Graph after step *terraform.DestroyEdgeTransformer:

provider.pureport - *terraform.NodeApplyableProvider
pureport_aws_connection.us-east-1 - *terraform.NodeApplyableResource
  provider.pureport - *terraform.NodeApplyableProvider
pureport_site_vpn_connection.raleigh-lab - *terraform.NodeApplyableResource
  provider.pureport - *terraform.NodeApplyableProvider
2019/05/28 14:58:29 [TRACE] CBDEdgeTransformer: Beginning CBD transformation...
2019/05/28 14:58:29 [TRACE] Graph after step *terraform.CBDEdgeTransformer:

provider.pureport - *terraform.NodeApplyableProvider
pureport_aws_connection.us-east-1 - *terraform.NodeApplyableResource
  provider.pureport - *terraform.NodeApplyableProvider
pureport_site_vpn_connection.raleigh-lab - *terraform.NodeApplyableResource
  provider.pureport - *terraform.NodeApplyableProvider
2019/05/28 14:58:29 [TRACE] Graph after step *terraform.MissingProvisionerTransformer:

provider.pureport - *terraform.NodeApplyableProvider
pureport_aws_connection.us-east-1 - *terraform.NodeApplyableResource
  provider.pureport - *terraform.NodeApplyableProvider
pureport_site_vpn_connection.raleigh-lab - *terraform.NodeApplyableResource
  provider.pureport - *terraform.NodeApplyableProvider
2019/05/28 14:58:29 [TRACE] Graph after step *terraform.ProvisionerTransformer:

provider.pureport - *terraform.NodeApplyableProvider
pureport_aws_connection.us-east-1 - *terraform.NodeApplyableResource
  provider.pureport - *terraform.NodeApplyableProvider
pureport_site_vpn_connection.raleigh-lab - *terraform.NodeApplyableResource
  provider.pureport - *terraform.NodeApplyableProvider
2019/05/28 14:58:29 [TRACE] Graph after step *terraform.RootVariableTransformer:

provider.pureport - *terraform.NodeApplyableProvider
pureport_aws_connection.us-east-1 - *terraform.NodeApplyableResource
  provider.pureport - *terraform.NodeApplyableProvider
pureport_site_vpn_connection.raleigh-lab - *terraform.NodeApplyableResource
  provider.pureport - *terraform.NodeApplyableProvider
2019/05/28 14:58:29 [TRACE] Graph after step *terraform.LocalTransformer:

provider.pureport - *terraform.NodeApplyableProvider
pureport_aws_connection.us-east-1 - *terraform.NodeApplyableResource
  provider.pureport - *terraform.NodeApplyableProvider
pureport_site_vpn_connection.raleigh-lab - *terraform.NodeApplyableResource
  provider.pureport - *terraform.NodeApplyableProvider
2019/05/28 14:58:29 [TRACE] Graph after step *terraform.OutputTransformer:

output.bgp_password_primary_gw - *terraform.NodeApplyableOutput
output.bgp_password_secondary_gw - *terraform.NodeApplyableOutput
output.dx_primary_id - *terraform.NodeApplyableOutput
output.dx_secondary_id - *terraform.NodeApplyableOutput
output.vlan_primary_gw - *terraform.NodeApplyableOutput
output.vlan_secondary_gw - *terraform.NodeApplyableOutput
provider.pureport - *terraform.NodeApplyableProvider
pureport_aws_connection.us-east-1 - *terraform.NodeApplyableResource
  provider.pureport - *terraform.NodeApplyableProvider
pureport_site_vpn_connection.raleigh-lab - *terraform.NodeApplyableResource
  provider.pureport - *terraform.NodeApplyableProvider
2019/05/28 14:58:29 [TRACE] Graph after step *terraform.ModuleVariableTransformer:

output.bgp_password_primary_gw - *terraform.NodeApplyableOutput
output.bgp_password_secondary_gw - *terraform.NodeApplyableOutput
output.dx_primary_id - *terraform.NodeApplyableOutput
output.dx_secondary_id - *terraform.NodeApplyableOutput
output.vlan_primary_gw - *terraform.NodeApplyableOutput
output.vlan_secondary_gw - *terraform.NodeApplyableOutput
provider.pureport - *terraform.NodeApplyableProvider
pureport_aws_connection.us-east-1 - *terraform.NodeApplyableResource
  provider.pureport - *terraform.NodeApplyableProvider
pureport_site_vpn_connection.raleigh-lab - *terraform.NodeApplyableResource
  provider.pureport - *terraform.NodeApplyableProvider
2019/05/28 14:58:29 [TRACE] Graph after step *terraform.RemovedModuleTransformer:

output.bgp_password_primary_gw - *terraform.NodeApplyableOutput
output.bgp_password_secondary_gw - *terraform.NodeApplyableOutput
output.dx_primary_id - *terraform.NodeApplyableOutput
output.dx_secondary_id - *terraform.NodeApplyableOutput
output.vlan_primary_gw - *terraform.NodeApplyableOutput
output.vlan_secondary_gw - *terraform.NodeApplyableOutput
provider.pureport - *terraform.NodeApplyableProvider
pureport_aws_connection.us-east-1 - *terraform.NodeApplyableResource
  provider.pureport - *terraform.NodeApplyableProvider
pureport_site_vpn_connection.raleigh-lab - *terraform.NodeApplyableResource
  provider.pureport - *terraform.NodeApplyableProvider
2019/05/28 14:58:29 [DEBUG] ReferenceTransformer: "provider.pureport" references: []
2019/05/28 14:58:29 [DEBUG] ReferenceTransformer: "output.vlan_primary_gw" references: [pureport_aws_connection.us-east-1]
2019/05/28 14:58:29 [DEBUG] ReferenceTransformer: "output.vlan_secondary_gw" references: [pureport_aws_connection.us-east-1]
2019/05/28 14:58:29 [DEBUG] ReferenceTransformer: "output.bgp_password_primary_gw" references: [pureport_aws_connection.us-east-1]
2019/05/28 14:58:29 [DEBUG] ReferenceTransformer: "pureport_aws_connection.us-east-1" references: []
2019/05/28 14:58:29 [DEBUG] ReferenceTransformer: "pureport_site_vpn_connection.raleigh-lab" references: []
2019/05/28 14:58:29 [DEBUG] ReferenceTransformer: "output.dx_primary_id" references: [pureport_aws_connection.us-east-1]
2019/05/28 14:58:29 [DEBUG] ReferenceTransformer: "output.dx_secondary_id" references: [pureport_aws_connection.us-east-1]
2019/05/28 14:58:29 [DEBUG] ReferenceTransformer: "output.bgp_password_secondary_gw" references: [pureport_aws_connection.us-east-1]
2019/05/28 14:58:29 [TRACE] Graph after step *terraform.ReferenceTransformer:

output.bgp_password_primary_gw - *terraform.NodeApplyableOutput
  pureport_aws_connection.us-east-1 - *terraform.NodeApplyableResource
output.bgp_password_secondary_gw - *terraform.NodeApplyableOutput
  pureport_aws_connection.us-east-1 - *terraform.NodeApplyableResource
output.dx_primary_id - *terraform.NodeApplyableOutput
  pureport_aws_connection.us-east-1 - *terraform.NodeApplyableResource
output.dx_secondary_id - *terraform.NodeApplyableOutput
  pureport_aws_connection.us-east-1 - *terraform.NodeApplyableResource
output.vlan_primary_gw - *terraform.NodeApplyableOutput
  pureport_aws_connection.us-east-1 - *terraform.NodeApplyableResource
output.vlan_secondary_gw - *terraform.NodeApplyableOutput
  pureport_aws_connection.us-east-1 - *terraform.NodeApplyableResource
provider.pureport - *terraform.NodeApplyableProvider
pureport_aws_connection.us-east-1 - *terraform.NodeApplyableResource
  provider.pureport - *terraform.NodeApplyableProvider
pureport_site_vpn_connection.raleigh-lab - *terraform.NodeApplyableResource
  provider.pureport - *terraform.NodeApplyableProvider
2019/05/28 14:58:29 [TRACE] Graph after step *terraform.CountBoundaryTransformer:

meta.count-boundary (count boundary fixup) - *terraform.NodeCountBoundary
  output.bgp_password_primary_gw - *terraform.NodeApplyableOutput
  output.bgp_password_secondary_gw - *terraform.NodeApplyableOutput
  output.dx_primary_id - *terraform.NodeApplyableOutput
  output.dx_secondary_id - *terraform.NodeApplyableOutput
  output.vlan_primary_gw - *terraform.NodeApplyableOutput
  output.vlan_secondary_gw - *terraform.NodeApplyableOutput
  provider.pureport - *terraform.NodeApplyableProvider
  pureport_aws_connection.us-east-1 - *terraform.NodeApplyableResource
  pureport_site_vpn_connection.raleigh-lab - *terraform.NodeApplyableResource
output.bgp_password_primary_gw - *terraform.NodeApplyableOutput
  pureport_aws_connection.us-east-1 - *terraform.NodeApplyableResource
output.bgp_password_secondary_gw - *terraform.NodeApplyableOutput
  pureport_aws_connection.us-east-1 - *terraform.NodeApplyableResource
output.dx_primary_id - *terraform.NodeApplyableOutput
  pureport_aws_connection.us-east-1 - *terraform.NodeApplyableResource
output.dx_secondary_id - *terraform.NodeApplyableOutput
  pureport_aws_connection.us-east-1 - *terraform.NodeApplyableResource
output.vlan_primary_gw - *terraform.NodeApplyableOutput
  pureport_aws_connection.us-east-1 - *terraform.NodeApplyableResource
output.vlan_secondary_gw - *terraform.NodeApplyableOutput
  pureport_aws_connection.us-east-1 - *terraform.NodeApplyableResource
provider.pureport - *terraform.NodeApplyableProvider
pureport_aws_connection.us-east-1 - *terraform.NodeApplyableResource
  provider.pureport - *terraform.NodeApplyableProvider
pureport_site_vpn_connection.raleigh-lab - *terraform.NodeApplyableResource
  provider.pureport - *terraform.NodeApplyableProvider
2019/05/28 14:58:29 [TRACE] Graph after step *terraform.TargetsTransformer:

meta.count-boundary (count boundary fixup) - *terraform.NodeCountBoundary
  output.bgp_password_primary_gw - *terraform.NodeApplyableOutput
  output.bgp_password_secondary_gw - *terraform.NodeApplyableOutput
  output.dx_primary_id - *terraform.NodeApplyableOutput
  output.dx_secondary_id - *terraform.NodeApplyableOutput
  output.vlan_primary_gw - *terraform.NodeApplyableOutput
  output.vlan_secondary_gw - *terraform.NodeApplyableOutput
  provider.pureport - *terraform.NodeApplyableProvider
  pureport_aws_connection.us-east-1 - *terraform.NodeApplyableResource
  pureport_site_vpn_connection.raleigh-lab - *terraform.NodeApplyableResource
output.bgp_password_primary_gw - *terraform.NodeApplyableOutput
  pureport_aws_connection.us-east-1 - *terraform.NodeApplyableResource
output.bgp_password_secondary_gw - *terraform.NodeApplyableOutput
  pureport_aws_connection.us-east-1 - *terraform.NodeApplyableResource
output.dx_primary_id - *terraform.NodeApplyableOutput
  pureport_aws_connection.us-east-1 - *terraform.NodeApplyableResource
output.dx_secondary_id - *terraform.NodeApplyableOutput
  pureport_aws_connection.us-east-1 - *terraform.NodeApplyableResource
output.vlan_primary_gw - *terraform.NodeApplyableOutput
  pureport_aws_connection.us-east-1 - *terraform.NodeApplyableResource
output.vlan_secondary_gw - *terraform.NodeApplyableOutput
  pureport_aws_connection.us-east-1 - *terraform.NodeApplyableResource
provider.pureport - *terraform.NodeApplyableProvider
pureport_aws_connection.us-east-1 - *terraform.NodeApplyableResource
  provider.pureport - *terraform.NodeApplyableProvider
pureport_site_vpn_connection.raleigh-lab - *terraform.NodeApplyableResource
  provider.pureport - *terraform.NodeApplyableProvider
2019/05/28 14:58:29 [TRACE] Graph after step *terraform.CloseProviderTransformer:

meta.count-boundary (count boundary fixup) - *terraform.NodeCountBoundary
  output.bgp_password_primary_gw - *terraform.NodeApplyableOutput
  output.bgp_password_secondary_gw - *terraform.NodeApplyableOutput
  output.dx_primary_id - *terraform.NodeApplyableOutput
  output.dx_secondary_id - *terraform.NodeApplyableOutput
  output.vlan_primary_gw - *terraform.NodeApplyableOutput
  output.vlan_secondary_gw - *terraform.NodeApplyableOutput
  provider.pureport - *terraform.NodeApplyableProvider
  pureport_aws_connection.us-east-1 - *terraform.NodeApplyableResource
  pureport_site_vpn_connection.raleigh-lab - *terraform.NodeApplyableResource
output.bgp_password_primary_gw - *terraform.NodeApplyableOutput
  pureport_aws_connection.us-east-1 - *terraform.NodeApplyableResource
output.bgp_password_secondary_gw - *terraform.NodeApplyableOutput
  pureport_aws_connection.us-east-1 - *terraform.NodeApplyableResource
output.dx_primary_id - *terraform.NodeApplyableOutput
  pureport_aws_connection.us-east-1 - *terraform.NodeApplyableResource
output.dx_secondary_id - *terraform.NodeApplyableOutput
  pureport_aws_connection.us-east-1 - *terraform.NodeApplyableResource
output.vlan_primary_gw - *terraform.NodeApplyableOutput
  pureport_aws_connection.us-east-1 - *terraform.NodeApplyableResource
output.vlan_secondary_gw - *terraform.NodeApplyableOutput
  pureport_aws_connection.us-east-1 - *terraform.NodeApplyableResource
provider.pureport - *terraform.NodeApplyableProvider
provider.pureport (close) - *terraform.graphNodeCloseProvider
  provider.pureport - *terraform.NodeApplyableProvider
  pureport_aws_connection.us-east-1 - *terraform.NodeApplyableResource
  pureport_site_vpn_connection.raleigh-lab - *terraform.NodeApplyableResource
pureport_aws_connection.us-east-1 - *terraform.NodeApplyableResource
  provider.pureport - *terraform.NodeApplyableProvider
pureport_site_vpn_connection.raleigh-lab - *terraform.NodeApplyableResource
  provider.pureport - *terraform.NodeApplyableProvider
2019/05/28 14:58:29 [TRACE] Graph after step *terraform.CloseProvisionerTransformer:

meta.count-boundary (count boundary fixup) - *terraform.NodeCountBoundary
  output.bgp_password_primary_gw - *terraform.NodeApplyableOutput
  output.bgp_password_secondary_gw - *terraform.NodeApplyableOutput
  output.dx_primary_id - *terraform.NodeApplyableOutput
  output.dx_secondary_id - *terraform.NodeApplyableOutput
  output.vlan_primary_gw - *terraform.NodeApplyableOutput
  output.vlan_secondary_gw - *terraform.NodeApplyableOutput
  provider.pureport - *terraform.NodeApplyableProvider
  pureport_aws_connection.us-east-1 - *terraform.NodeApplyableResource
  pureport_site_vpn_connection.raleigh-lab - *terraform.NodeApplyableResource
output.bgp_password_primary_gw - *terraform.NodeApplyableOutput
  pureport_aws_connection.us-east-1 - *terraform.NodeApplyableResource
output.bgp_password_secondary_gw - *terraform.NodeApplyableOutput
  pureport_aws_connection.us-east-1 - *terraform.NodeApplyableResource
output.dx_primary_id - *terraform.NodeApplyableOutput
  pureport_aws_connection.us-east-1 - *terraform.NodeApplyableResource
output.dx_secondary_id - *terraform.NodeApplyableOutput
  pureport_aws_connection.us-east-1 - *terraform.NodeApplyableResource
output.vlan_primary_gw - *terraform.NodeApplyableOutput
  pureport_aws_connection.us-east-1 - *terraform.NodeApplyableResource
output.vlan_secondary_gw - *terraform.NodeApplyableOutput
  pureport_aws_connection.us-east-1 - *terraform.NodeApplyableResource
provider.pureport - *terraform.NodeApplyableProvider
provider.pureport (close) - *terraform.graphNodeCloseProvider
  provider.pureport - *terraform.NodeApplyableProvider
  pureport_aws_connection.us-east-1 - *terraform.NodeApplyableResource
  pureport_site_vpn_connection.raleigh-lab - *terraform.NodeApplyableResource
pureport_aws_connection.us-east-1 - *terraform.NodeApplyableResource
  provider.pureport - *terraform.NodeApplyableProvider
pureport_site_vpn_connection.raleigh-lab - *terraform.NodeApplyableResource
  provider.pureport - *terraform.NodeApplyableProvider
2019/05/28 14:58:29 [TRACE] Graph after step *terraform.RootTransformer:

meta.count-boundary (count boundary fixup) - *terraform.NodeCountBoundary
  output.bgp_password_primary_gw - *terraform.NodeApplyableOutput
  output.bgp_password_secondary_gw - *terraform.NodeApplyableOutput
  output.dx_primary_id - *terraform.NodeApplyableOutput
  output.dx_secondary_id - *terraform.NodeApplyableOutput
  output.vlan_primary_gw - *terraform.NodeApplyableOutput
  output.vlan_secondary_gw - *terraform.NodeApplyableOutput
  provider.pureport - *terraform.NodeApplyableProvider
  pureport_aws_connection.us-east-1 - *terraform.NodeApplyableResource
  pureport_site_vpn_connection.raleigh-lab - *terraform.NodeApplyableResource
output.bgp_password_primary_gw - *terraform.NodeApplyableOutput
  pureport_aws_connection.us-east-1 - *terraform.NodeApplyableResource
output.bgp_password_secondary_gw - *terraform.NodeApplyableOutput
  pureport_aws_connection.us-east-1 - *terraform.NodeApplyableResource
output.dx_primary_id - *terraform.NodeApplyableOutput
  pureport_aws_connection.us-east-1 - *terraform.NodeApplyableResource
output.dx_secondary_id - *terraform.NodeApplyableOutput
  pureport_aws_connection.us-east-1 - *terraform.NodeApplyableResource
output.vlan_primary_gw - *terraform.NodeApplyableOutput
  pureport_aws_connection.us-east-1 - *terraform.NodeApplyableResource
output.vlan_secondary_gw - *terraform.NodeApplyableOutput
  pureport_aws_connection.us-east-1 - *terraform.NodeApplyableResource
provider.pureport - *terraform.NodeApplyableProvider
provider.pureport (close) - *terraform.graphNodeCloseProvider
  provider.pureport - *terraform.NodeApplyableProvider
  pureport_aws_connection.us-east-1 - *terraform.NodeApplyableResource
  pureport_site_vpn_connection.raleigh-lab - *terraform.NodeApplyableResource
pureport_aws_connection.us-east-1 - *terraform.NodeApplyableResource
  provider.pureport - *terraform.NodeApplyableProvider
pureport_site_vpn_connection.raleigh-lab - *terraform.NodeApplyableResource
  provider.pureport - *terraform.NodeApplyableProvider
root - terraform.graphNodeRoot
  meta.count-boundary (count boundary fixup) - *terraform.NodeCountBoundary
  provider.pureport (close) - *terraform.graphNodeCloseProvider
2019/05/28 14:58:29 [TRACE] Graph after step *terraform.TransitiveReductionTransformer:

meta.count-boundary (count boundary fixup) - *terraform.NodeCountBoundary
  output.bgp_password_primary_gw - *terraform.NodeApplyableOutput
  output.bgp_password_secondary_gw - *terraform.NodeApplyableOutput
  output.dx_primary_id - *terraform.NodeApplyableOutput
  output.dx_secondary_id - *terraform.NodeApplyableOutput
  output.vlan_primary_gw - *terraform.NodeApplyableOutput
  output.vlan_secondary_gw - *terraform.NodeApplyableOutput
  pureport_site_vpn_connection.raleigh-lab - *terraform.NodeApplyableResource
output.bgp_password_primary_gw - *terraform.NodeApplyableOutput
  pureport_aws_connection.us-east-1 - *terraform.NodeApplyableResource
output.bgp_password_secondary_gw - *terraform.NodeApplyableOutput
  pureport_aws_connection.us-east-1 - *terraform.NodeApplyableResource
output.dx_primary_id - *terraform.NodeApplyableOutput
  pureport_aws_connection.us-east-1 - *terraform.NodeApplyableResource
output.dx_secondary_id - *terraform.NodeApplyableOutput
  pureport_aws_connection.us-east-1 - *terraform.NodeApplyableResource
output.vlan_primary_gw - *terraform.NodeApplyableOutput
  pureport_aws_connection.us-east-1 - *terraform.NodeApplyableResource
output.vlan_secondary_gw - *terraform.NodeApplyableOutput
  pureport_aws_connection.us-east-1 - *terraform.NodeApplyableResource
provider.pureport - *terraform.NodeApplyableProvider
provider.pureport (close) - *terraform.graphNodeCloseProvider
  pureport_aws_connection.us-east-1 - *terraform.NodeApplyableResource
  pureport_site_vpn_connection.raleigh-lab - *terraform.NodeApplyableResource
pureport_aws_connection.us-east-1 - *terraform.NodeApplyableResource
  provider.pureport - *terraform.NodeApplyableProvider
pureport_site_vpn_connection.raleigh-lab - *terraform.NodeApplyableResource
  provider.pureport - *terraform.NodeApplyableProvider
root - terraform.graphNodeRoot
  meta.count-boundary (count boundary fixup) - *terraform.NodeCountBoundary
  provider.pureport (close) - *terraform.graphNodeCloseProvider
2019/05/28 14:58:29 [DEBUG] Starting graph walk: walkApply
2019/05/28 14:58:29 [TRACE] dag/walk: added new vertex: "pureport_site_vpn_connection.raleigh-lab"
2019/05/28 14:58:29 [TRACE] dag/walk: added new vertex: "output.dx_primary_id"
2019/05/28 14:58:29 [TRACE] dag/walk: added new vertex: "output.dx_secondary_id"
2019/05/28 14:58:29 [TRACE] dag/walk: added new vertex: "meta.count-boundary (count boundary fixup)"
2019/05/28 14:58:29 [TRACE] dag/walk: added new vertex: "root"
2019/05/28 14:58:29 [TRACE] dag/walk: added new vertex: "output.bgp_password_secondary_gw"
2019/05/28 14:58:29 [TRACE] dag/walk: added new vertex: "provider.pureport (close)"
2019/05/28 14:58:29 [TRACE] dag/walk: added new vertex: "pureport_aws_connection.us-east-1"
2019/05/28 14:58:29 [TRACE] dag/walk: added new vertex: "provider.pureport"
2019/05/28 14:58:29 [TRACE] dag/walk: added new vertex: "output.vlan_primary_gw"
2019/05/28 14:58:29 [TRACE] dag/walk: added new vertex: "output.vlan_secondary_gw"
2019/05/28 14:58:29 [TRACE] dag/walk: added new vertex: "output.bgp_password_primary_gw"
2019/05/28 14:58:29 [TRACE] dag/walk: added edge: "output.dx_primary_id" waiting on "pureport_aws_connection.us-east-1"
2019/05/28 14:58:29 [TRACE] dag/walk: added edge: "root" waiting on "meta.count-boundary (count boundary fixup)"
2019/05/28 14:58:29 [TRACE] dag/walk: added edge: "provider.pureport (close)" waiting on "pureport_aws_connection.us-east-1"
2019/05/28 14:58:29 [TRACE] dag/walk: added edge: "meta.count-boundary (count boundary fixup)" waiting on "output.dx_primary_id"
2019/05/28 14:58:29 [TRACE] dag/walk: added edge: "pureport_aws_connection.us-east-1" waiting on "provider.pureport"
2019/05/28 14:58:29 [TRACE] dag/walk: added edge: "meta.count-boundary (count boundary fixup)" waiting on "output.vlan_primary_gw"
2019/05/28 14:58:29 [TRACE] dag/walk: added edge: "provider.pureport (close)" waiting on "pureport_site_vpn_connection.raleigh-lab"
2019/05/28 14:58:29 [TRACE] dag/walk: added edge: "pureport_site_vpn_connection.raleigh-lab" waiting on "provider.pureport"
2019/05/28 14:58:29 [TRACE] dag/walk: added edge: "output.vlan_secondary_gw" waiting on "pureport_aws_connection.us-east-1"
2019/05/28 14:58:29 [TRACE] dag/walk: added edge: "output.vlan_primary_gw" waiting on "pureport_aws_connection.us-east-1"
2019/05/28 14:58:29 [TRACE] dag/walk: added edge: "output.bgp_password_primary_gw" waiting on "pureport_aws_connection.us-east-1"
2019/05/28 14:58:29 [TRACE] dag/walk: added edge: "output.bgp_password_secondary_gw" waiting on "pureport_aws_connection.us-east-1"
2019/05/28 14:58:29 [TRACE] dag/walk: added edge: "meta.count-boundary (count boundary fixup)" waiting on "output.vlan_secondary_gw"
2019/05/28 14:58:29 [TRACE] dag/walk: added edge: "meta.count-boundary (count boundary fixup)" waiting on "output.dx_secondary_id"
2019/05/28 14:58:29 [TRACE] dag/walk: added edge: "meta.count-boundary (count boundary fixup)" waiting on "output.bgp_password_primary_gw"
2019/05/28 14:58:29 [TRACE] dag/walk: added edge: "meta.count-boundary (count boundary fixup)" waiting on "output.bgp_password_secondary_gw"
2019/05/28 14:58:29 [TRACE] dag/walk: added edge: "meta.count-boundary (count boundary fixup)" waiting on "pureport_site_vpn_connection.raleigh-lab"
2019/05/28 14:58:29 [TRACE] dag/walk: added edge: "output.dx_secondary_id" waiting on "pureport_aws_connection.us-east-1"
2019/05/28 14:58:29 [TRACE] dag/walk: added edge: "root" waiting on "provider.pureport (close)"
2019/05/28 14:58:29 [TRACE] dag/walk: dependencies changed for "output.bgp_password_secondary_gw", sending new deps
2019/05/28 14:58:29 [TRACE] dag/walk: dependencies changed for "output.dx_primary_id", sending new deps
2019/05/28 14:58:29 [TRACE] dag/walk: dependencies changed for "provider.pureport (close)", sending new deps
2019/05/28 14:58:29 [TRACE] dag/walk: dependencies changed for "meta.count-boundary (count boundary fixup)", sending new deps
2019/05/28 14:58:29 [TRACE] dag/walk: dependencies changed for "output.vlan_primary_gw", sending new deps
2019/05/28 14:58:29 [TRACE] dag/walk: dependencies changed for "output.bgp_password_primary_gw", sending new deps
2019/05/28 14:58:29 [TRACE] dag/walk: dependencies changed for "output.dx_secondary_id", sending new deps
2019/05/28 14:58:29 [TRACE] dag/walk: dependencies changed for "root", sending new deps
2019/05/28 14:58:29 [TRACE] dag/walk: dependencies changed for "pureport_aws_connection.us-east-1", sending new deps
2019/05/28 14:58:29 [TRACE] dag/walk: dependencies changed for "pureport_site_vpn_connection.raleigh-lab", sending new deps
2019/05/28 14:58:29 [TRACE] dag/walk: dependencies changed for "output.vlan_secondary_gw", sending new deps
2019/05/28 14:58:29 [TRACE] dag/walk: walking "provider.pureport"
2019/05/28 14:58:29 [TRACE] vertex 'root.provider.pureport': walking
2019/05/28 14:58:29 [TRACE] vertex 'root.provider.pureport': evaluating
2019/05/28 14:58:29 [TRACE] [walkApply] Entering eval tree: provider.pureport
2019/05/28 14:58:29 [TRACE] root: eval: *terraform.EvalSequence
2019/05/28 14:58:29 [TRACE] root: eval: *terraform.EvalInitProvider
2019-05-28T14:58:29.308-0400 [DEBUG] plugin: starting plugin: path=/Users/alauer/.terraform.d/plugins/terraform-provider-pureport args=[/Users/alauer/.terraform.d/plugins/terraform-provider-pureport]
2019-05-28T14:58:29.311-0400 [DEBUG] plugin: waiting for RPC address: path=/Users/alauer/.terraform.d/plugins/terraform-provider-pureport
2019-05-28T14:58:29.324-0400 [DEBUG] plugin.terraform-provider-pureport: plugin address: timestamp=2019-05-28T14:58:29.324-0400 address=/var/folders/gs/n03_kqn11rn8nw0xfb2vd8l40000gn/T/plugin542712990 network=unix
2019/05/28 14:58:29 [TRACE] root: eval: terraform.EvalNoop
2019/05/28 14:58:29 [TRACE] root: eval: terraform.EvalNoop
2019/05/28 14:58:29 [TRACE] root: eval: *terraform.EvalOpFilter
2019/05/28 14:58:29 [TRACE] root: eval: *terraform.EvalSequence
2019/05/28 14:58:29 [TRACE] root: eval: *terraform.EvalGetProvider
2019/05/28 14:58:29 [TRACE] root: eval: *terraform.EvalInterpolateProvider
2019/05/28 14:58:29 [TRACE] root: eval: *terraform.EvalBuildProviderConfig
2019/05/28 14:58:29 [TRACE] root: eval: *terraform.EvalOpFilter
2019/05/28 14:58:29 [TRACE] root: eval: *terraform.EvalSequence
2019/05/28 14:58:29 [TRACE] root: eval: *terraform.EvalConfigProvider
2019-05-28T14:58:29.326-0400 [DEBUG] plugin.terraform-provider-pureport: 2019/05/28 14:58:29 Error reading configuration file: Config File "configuration" Not Found in "[/Users/alauer/.pureport /Users/alauer/Documents/GitHub/ael/terraform/multi-cloud-demo/series2_video_3clouds+instances/aws/use1-infra/0-pureport]"
2019/05/28 14:58:29 [TRACE] [walkApply] Exiting eval tree: provider.pureport
2019/05/28 14:58:29 [TRACE] dag/walk: walking "pureport_aws_connection.us-east-1"
2019/05/28 14:58:29 [TRACE] vertex 'root.pureport_aws_connection.us-east-1': walking
2019/05/28 14:58:29 [TRACE] dag/walk: walking "pureport_site_vpn_connection.raleigh-lab"
2019/05/28 14:58:29 [TRACE] vertex 'root.pureport_site_vpn_connection.raleigh-lab': walking
2019/05/28 14:58:29 [TRACE] vertex 'root.pureport_aws_connection.us-east-1': evaluating
2019/05/28 14:58:29 [TRACE] [walkApply] Entering eval tree: pureport_aws_connection.us-east-1
2019/05/28 14:58:29 [TRACE] root: eval: *terraform.EvalSequence
2019/05/28 14:58:29 [TRACE] root: eval: *terraform.EvalInstanceInfo
2019/05/28 14:58:29 [TRACE] root: eval: *terraform.EvalReadDiff
2019/05/28 14:58:29 [TRACE] root: eval: *terraform.EvalIf
2019/05/28 14:58:29 [TRACE] root: eval: terraform.EvalNoop
2019/05/28 14:58:29 [TRACE] root: eval: *terraform.EvalIf
2019/05/28 14:58:29 [TRACE] root: eval: *terraform.EvalInterpolate
2019/05/28 14:58:29 [TRACE] vertex 'root.pureport_site_vpn_connection.raleigh-lab': evaluating
2019/05/28 14:58:29 [TRACE] [walkApply] Entering eval tree: pureport_site_vpn_connection.raleigh-lab
2019/05/28 14:58:29 [TRACE] root: eval: *terraform.EvalSequence
2019/05/28 14:58:29 [TRACE] root: eval: *terraform.EvalInstanceInfo
2019/05/28 14:58:29 [TRACE] root: eval: *terraform.EvalReadDiff
2019/05/28 14:58:29 [TRACE] root: eval: *terraform.EvalIf
2019/05/28 14:58:29 [TRACE] root: eval: terraform.EvalNoop
2019/05/28 14:58:29 [TRACE] root: eval: *terraform.EvalIf
2019/05/28 14:58:29 [TRACE] root: eval: *terraform.EvalInterpolate
2019/05/28 14:58:29 [TRACE] root: eval: *terraform.EvalInterpolate
2019/05/28 14:58:29 [TRACE] root: eval: *terraform.EvalInterpolate
2019/05/28 14:58:29 [TRACE] root: eval: *terraform.EvalGetProvider
2019/05/28 14:58:29 [TRACE] root: eval: *terraform.EvalReadState
2019/05/28 14:58:29 [TRACE] root: eval: *terraform.EvalValidateResource
2019/05/28 14:58:29 [TRACE] root: eval: *terraform.EvalGetProvider
2019/05/28 14:58:29 [TRACE] root: eval: *terraform.EvalReadState
2019/05/28 14:58:29 [TRACE] root: eval: *terraform.EvalValidateResource
2019/05/28 14:58:29 [TRACE] root: eval: *terraform.EvalDiff
2019/05/28 14:58:29 [TRACE] root: eval: *terraform.EvalDiff
2019/05/28 14:58:29 [TRACE] root: eval: *terraform.EvalReadDiff
2019/05/28 14:58:29 [TRACE] root: eval: *terraform.EvalCompareDiff
2019/05/28 14:58:29 [TRACE] root: eval: *terraform.EvalGetProvider
2019/05/28 14:58:29 [TRACE] root: eval: *terraform.EvalReadState
2019/05/28 14:58:29 [TRACE] root: eval: *terraform.EvalApplyPre
2019/05/28 14:58:29 [TRACE] root: eval: *terraform.EvalApply
2019/05/28 14:58:29 [DEBUG] apply: pureport_aws_connection.us-east-1: executing Apply
2019/05/28 14:58:29 [TRACE] root: eval: *terraform.EvalReadDiff
2019/05/28 14:58:29 [TRACE] root: eval: *terraform.EvalCompareDiff
2019/05/28 14:58:29 [TRACE] root: eval: *terraform.EvalGetProvider
2019/05/28 14:58:29 [TRACE] root: eval: *terraform.EvalReadState
2019/05/28 14:58:29 [TRACE] root: eval: *terraform.EvalApplyPre
2019/05/28 14:58:29 [TRACE] root: eval: *terraform.EvalApply
2019/05/28 14:58:29 [DEBUG] apply: pureport_site_vpn_connection.raleigh-lab: executing Apply
2019-05-28T14:58:29.332-0400 [DEBUG] plugin.terraform-provider-pureport: panic: interface conversion: interface {} is []interface {}, not map[string]interface {}
2019-05-28T14:58:29.332-0400 [DEBUG] plugin.terraform-provider-pureport: 
2019-05-28T14:58:29.332-0400 [DEBUG] plugin.terraform-provider-pureport: goroutine 24 [running]:
2019-05-28T14:58:29.332-0400 [DEBUG] plugin.terraform-provider-pureport: github.com/pureport/terraform-provider-pureport/pureport.expandIkeVersion2(0xc0002c4540, 0x0)
2019-05-28T14:58:29.332-0400 [DEBUG] plugin.terraform-provider-pureport: 	/Users/alauer/venvs/general/Go/src/github.com/pureport/terraform-provider-pureport/pureport/resource_site_vpn_connection.go:243 +0x86e
2019-05-28T14:58:29.332-0400 [DEBUG] plugin.terraform-provider-pureport: github.com/pureport/terraform-provider-pureport/pureport.expandSiteVPNConnection(0xc0002c4540, 0x0, 0x0, 0x0, 0x0, 0x0, 0x0, 0x0, 0x0, 0x0, ...)
2019-05-28T14:58:29.332-0400 [DEBUG] plugin.terraform-provider-pureport: 	/Users/alauer/venvs/general/Go/src/github.com/pureport/terraform-provider-pureport/pureport/resource_site_vpn_connection.go:324 +0x655
2019-05-28T14:58:29.332-0400 [DEBUG] plugin.terraform-provider-pureport: github.com/pureport/terraform-provider-pureport/pureport.resourceSiteVPNConnectionCreate(0xc0002c4540, 0x1bf4e60, 0xc0005f8b40, 0xc0002c4540, 0x0)
2019-05-28T14:58:29.332-0400 [DEBUG] plugin.terraform-provider-pureport: 	/Users/alauer/venvs/general/Go/src/github.com/pureport/terraform-provider-pureport/pureport/resource_site_vpn_connection.go:352 +0x43
2019-05-28T14:58:29.332-0400 [DEBUG] plugin.terraform-provider-pureport: github.com/hashicorp/terraform/helper/schema.(*Resource).Apply(0xc00018ab00, 0xc00020d4a0, 0xc000186840, 0x1bf4e60, 0xc0005f8b40, 0x1, 0x0, 0x0)
2019-05-28T14:58:29.332-0400 [DEBUG] plugin.terraform-provider-pureport: 	/Users/alauer/venvs/general/Go/src/github.com/hashicorp/terraform/helper/schema/resource.go:286 +0x3b4
2019-05-28T14:58:29.332-0400 [DEBUG] plugin.terraform-provider-pureport: github.com/hashicorp/terraform/helper/schema.(*Provider).Apply(0xc00018b180, 0xc00020d450, 0xc00020d4a0, 0xc000186840, 0xc0000bd5f0, 0xc000606c90, 0x18)
2019-05-28T14:58:29.332-0400 [DEBUG] plugin.terraform-provider-pureport: 	/Users/alauer/venvs/general/Go/src/github.com/hashicorp/terraform/helper/schema/provider.go:285 +0x18f
2019-05-28T14:58:29.332-0400 [DEBUG] plugin.terraform-provider-pureport: github.com/hashicorp/terraform/plugin.(*ResourceProviderServer).Apply(0xc000186120, 0xc0001867e0, 0xc00001eec0, 0x0, 0x0)
2019-05-28T14:58:29.332-0400 [DEBUG] plugin.terraform-provider-pureport: 	/Users/alauer/venvs/general/Go/src/github.com/hashicorp/terraform/plugin/resource_provider.go:530 +0x57
2019-05-28T14:58:29.332-0400 [DEBUG] plugin.terraform-provider-pureport: reflect.Value.call(0xc0005f84e0, 0xc0000105b8, 0x13, 0x1d5d1a1, 0x4, 0xc000507f18, 0x3, 0x3, 0xc000234a80, 0x3939323137323435, ...)
2019-05-28T14:58:29.332-0400 [DEBUG] plugin.terraform-provider-pureport: 	/usr/local/Cellar/go/1.12.5/libexec/src/reflect/value.go:447 +0x461
2019-05-28T14:58:29.332-0400 [DEBUG] plugin.terraform-provider-pureport: reflect.Value.Call(0xc0005f84e0, 0xc0000105b8, 0x13, 0xc000332718, 0x3, 0x3, 0x0, 0x0, 0x0)
2019-05-28T14:58:29.332-0400 [DEBUG] plugin.terraform-provider-pureport: 	/usr/local/Cellar/go/1.12.5/libexec/src/reflect/value.go:308 +0xa4
2019-05-28T14:58:29.332-0400 [DEBUG] plugin.terraform-provider-pureport: net/rpc.(*service).call(0xc000608280, 0xc000156190, 0xc00051a298, 0xc00051a2c0, 0xc000306000, 0xc000602580, 0x1b55ba0, 0xc0001867e0, 0x16, 0x1b55be0, ...)
2019-05-28T14:58:29.332-0400 [DEBUG] plugin.terraform-provider-pureport: 	/usr/local/Cellar/go/1.12.5/libexec/src/net/rpc/server.go:384 +0x14e
2019-05-28T14:58:29.332-0400 [DEBUG] plugin.terraform-provider-pureport: created by net/rpc.(*Server).ServeCodec
2019-05-28T14:58:29.332-0400 [DEBUG] plugin.terraform-provider-pureport: 	/usr/local/Cellar/go/1.12.5/libexec/src/net/rpc/server.go:481 +0x42b
2019/05/28 14:58:29 [TRACE] root: eval: *terraform.EvalWriteState
2019/05/28 14:58:29 [TRACE] root: eval: *terraform.EvalWriteState
2019/05/28 14:58:29 [TRACE] root: eval: *terraform.EvalApplyProvisioners
2019/05/28 14:58:29 [TRACE] root: eval: *terraform.EvalApplyProvisioners
2019/05/28 14:58:29 [TRACE] root: eval: *terraform.EvalIf
2019/05/28 14:58:29 [TRACE] root: eval: *terraform.EvalIf
2019/05/28 14:58:29 [TRACE] root: eval: *terraform.EvalWriteState
2019/05/28 14:58:29 [TRACE] root: eval: *terraform.EvalWriteState
2019/05/28 14:58:29 [TRACE] root: eval: *terraform.EvalWriteDiff
2019/05/28 14:58:29 [TRACE] root: eval: *terraform.EvalWriteDiff
2019/05/28 14:58:29 [TRACE] root: eval: *terraform.EvalApplyPost
2019/05/28 14:58:29 [TRACE] root: eval: *terraform.EvalApplyPost
2019/05/28 14:58:29 [ERROR] root: eval: *terraform.EvalApplyPost, err: 1 error(s) occurred:

* pureport_aws_connection.us-east-1: unexpected EOF
2019/05/28 14:58:29 [ERROR] root: eval: *terraform.EvalApplyPost, err: 1 error(s) occurred:

* pureport_site_vpn_connection.raleigh-lab: unexpected EOF
2019/05/28 14:58:29 [ERROR] root: eval: *terraform.EvalSequence, err: 1 error(s) occurred:

* pureport_aws_connection.us-east-1: unexpected EOF
2019/05/28 14:58:29 [TRACE] [walkApply] Exiting eval tree: pureport_aws_connection.us-east-1
2019/05/28 14:58:29 [ERROR] root: eval: *terraform.EvalSequence, err: 1 error(s) occurred:

* pureport_site_vpn_connection.raleigh-lab: unexpected EOF
2019/05/28 14:58:29 [TRACE] [walkApply] Exiting eval tree: pureport_site_vpn_connection.raleigh-lab
2019/05/28 14:58:29 [TRACE] dag/walk: upstream errored, not walking "output.bgp_password_secondary_gw"
2019/05/28 14:58:29 [TRACE] dag/walk: upstream errored, not walking "output.bgp_password_primary_gw"
2019/05/28 14:58:29 [TRACE] dag/walk: upstream errored, not walking "output.vlan_primary_gw"
2019/05/28 14:58:29 [TRACE] dag/walk: upstream errored, not walking "output.dx_primary_id"
2019/05/28 14:58:29 [TRACE] dag/walk: upstream errored, not walking "output.dx_secondary_id"
2019/05/28 14:58:29 [TRACE] dag/walk: upstream errored, not walking "output.vlan_secondary_gw"
2019/05/28 14:58:29 [TRACE] dag/walk: upstream errored, not walking "provider.pureport (close)"
2019/05/28 14:58:29 [TRACE] dag/walk: upstream errored, not walking "meta.count-boundary (count boundary fixup)"
2019/05/28 14:58:29 [TRACE] dag/walk: upstream errored, not walking "root"
2019-05-28T14:58:29.334-0400 [DEBUG] plugin: plugin process exited: path=/Users/alauer/.terraform.d/plugins/terraform-provider-pureport
2019/05/28 14:58:29 [TRACE] Preserving existing state lineage "82f5b4af-0502-007c-6ebc-89766fa86a92"
2019/05/28 14:58:29 [TRACE] Preserving existing state lineage "82f5b4af-0502-007c-6ebc-89766fa86a92"
2019/05/28 14:58:29 [TRACE] Preserving existing state lineage "82f5b4af-0502-007c-6ebc-89766fa86a92"
2019/05/28 14:58:29 [DEBUG] Uploading remote state to S3: {
  Body: buffer(0xc0002fb5f0),
  Bucket: "ael-demo-tf-statefiles",
  ContentLength: 4303,
  ContentType: "application/json",
  Key: "ael-tf-state/videoseries2-3clouds/videoseries2-3clouds-awspureport.tfstate"
}
2019/05/28 14:58:29 [DEBUG] plugin: waiting for all plugin processes to complete...
2019-05-28T14:58:29.601-0400 [WARN ] plugin: error closing client during Kill: err="connection is shut down"
